{"D:\\Studying\\Git\\Demo_1\\todo-list-mobile\\baseURL.js": {"path":"D:\\Studying\\Git\\Demo_1\\todo-list-mobile\\baseURL.js","statementMap":{},"fnMap":{},"branchMap":{},"s":{},"f":{},"b":{},"_coverageSchema":"43e27e138ebf9cfc5966b082cf9a028302ed4184","hash":"3f728e172125e0d781ca0fee9bcf41b413cdc7f9"}
,"D:\\Studying\\Git\\Demo_1\\todo-list-mobile\\actions\\actionTypes.js": {"path":"D:\\Studying\\Git\\Demo_1\\todo-list-mobile\\actions\\actionTypes.js","statementMap":{"0":{"start":{"line":1,"column":31},"end":{"line":5,"column":1}},"1":{"start":{"line":7,"column":37},"end":{"line":7,"column":60}},"2":{"start":{"line":9,"column":34},"end":{"line":13,"column":1}},"3":{"start":{"line":15,"column":29},"end":{"line":19,"column":1}}},"fnMap":{},"branchMap":{},"s":{"0":3,"1":3,"2":3,"3":3},"f":{},"b":{},"_coverageSchema":"43e27e138ebf9cfc5966b082cf9a028302ed4184","hash":"1d23881864da326607094302c34eb9ce638b5610"}
,"D:\\Studying\\Git\\Demo_1\\todo-list-mobile\\actions\\index.js": {"path":"D:\\Studying\\Git\\Demo_1\\todo-list-mobile\\actions\\index.js","statementMap":{"0":{"start":{"line":7,"column":23},"end":{"line":10,"column":2}},"1":{"start":{"line":7,"column":37},"end":{"line":10,"column":1}},"2":{"start":{"line":12,"column":26},"end":{"line":15,"column":2}},"3":{"start":{"line":12,"column":35},"end":{"line":15,"column":1}},"4":{"start":{"line":17,"column":26},"end":{"line":20,"column":2}},"5":{"start":{"line":17,"column":35},"end":{"line":20,"column":1}},"6":{"start":{"line":22,"column":35},"end":{"line":25,"column":2}},"7":{"start":{"line":22,"column":48},"end":{"line":25,"column":1}},"8":{"start":{"line":27,"column":33},"end":{"line":30,"column":2}},"9":{"start":{"line":27,"column":44},"end":{"line":30,"column":1}},"10":{"start":{"line":32,"column":30},"end":{"line":35,"column":2}},"11":{"start":{"line":32,"column":41},"end":{"line":35,"column":1}},"12":{"start":{"line":37,"column":33},"end":{"line":40,"column":2}},"13":{"start":{"line":37,"column":45},"end":{"line":40,"column":1}},"14":{"start":{"line":43,"column":4},"end":{"line":55,"column":5}},"15":{"start":{"line":44,"column":8},"end":{"line":44,"column":42}},"16":{"start":{"line":45,"column":8},"end":{"line":54,"column":84}},"17":{"start":{"line":47,"column":16},"end":{"line":49,"column":17}},"18":{"start":{"line":48,"column":20},"end":{"line":48,"column":52}},"19":{"start":{"line":50,"column":16},"end":{"line":50,"column":51}},"20":{"start":{"line":51,"column":16},"end":{"line":51,"column":38}},"21":{"start":{"line":53,"column":27},"end":{"line":53,"column":61}},"22":{"start":{"line":54,"column":30},"end":{"line":54,"column":49}},"23":{"start":{"line":54,"column":50},"end":{"line":54,"column":80}},"24":{"start":{"line":59,"column":4},"end":{"line":76,"column":5}},"25":{"start":{"line":60,"column":23},"end":{"line":60,"column":51}},"26":{"start":{"line":61,"column":8},"end":{"line":75,"column":84}},"27":{"start":{"line":69,"column":16},"end":{"line":71,"column":17}},"28":{"start":{"line":70,"column":20},"end":{"line":70,"column":53}},"29":{"start":{"line":72,"column":16},"end":{"line":72,"column":39}},"30":{"start":{"line":74,"column":30},"end":{"line":74,"column":57}},"31":{"start":{"line":75,"column":30},"end":{"line":75,"column":49}},"32":{"start":{"line":75,"column":50},"end":{"line":75,"column":80}},"33":{"start":{"line":80,"column":4},"end":{"line":98,"column":5}},"34":{"start":{"line":81,"column":23},"end":{"line":81,"column":78}},"35":{"start":{"line":82,"column":8},"end":{"line":97,"column":84}},"36":{"start":{"line":91,"column":16},"end":{"line":93,"column":17}},"37":{"start":{"line":92,"column":20},"end":{"line":92,"column":53}},"38":{"start":{"line":94,"column":16},"end":{"line":94,"column":32}},"39":{"start":{"line":96,"column":24},"end":{"line":96,"column":53}},"40":{"start":{"line":97,"column":30},"end":{"line":97,"column":49}},"41":{"start":{"line":97,"column":50},"end":{"line":97,"column":80}},"42":{"start":{"line":102,"column":4},"end":{"line":112,"column":5}},"43":{"start":{"line":103,"column":8},"end":{"line":111,"column":84}},"44":{"start":{"line":105,"column":16},"end":{"line":107,"column":17}},"45":{"start":{"line":106,"column":20},"end":{"line":106,"column":53}},"46":{"start":{"line":108,"column":16},"end":{"line":108,"column":32}},"47":{"start":{"line":110,"column":24},"end":{"line":110,"column":48}},"48":{"start":{"line":111,"column":30},"end":{"line":111,"column":49}},"49":{"start":{"line":111,"column":50},"end":{"line":111,"column":80}}},"fnMap":{"0":{"name":"(anonymous_0)","decl":{"start":{"line":7,"column":23},"end":{"line":7,"column":24}},"loc":{"start":{"line":7,"column":37},"end":{"line":10,"column":1}},"line":7},"1":{"name":"(anonymous_1)","decl":{"start":{"line":12,"column":26},"end":{"line":12,"column":27}},"loc":{"start":{"line":12,"column":35},"end":{"line":15,"column":1}},"line":12},"2":{"name":"(anonymous_2)","decl":{"start":{"line":17,"column":26},"end":{"line":17,"column":27}},"loc":{"start":{"line":17,"column":35},"end":{"line":20,"column":1}},"line":17},"3":{"name":"(anonymous_3)","decl":{"start":{"line":22,"column":35},"end":{"line":22,"column":36}},"loc":{"start":{"line":22,"column":48},"end":{"line":25,"column":1}},"line":22},"4":{"name":"(anonymous_4)","decl":{"start":{"line":27,"column":33},"end":{"line":27,"column":34}},"loc":{"start":{"line":27,"column":44},"end":{"line":30,"column":1}},"line":27},"5":{"name":"(anonymous_5)","decl":{"start":{"line":32,"column":30},"end":{"line":32,"column":31}},"loc":{"start":{"line":32,"column":41},"end":{"line":35,"column":1}},"line":32},"6":{"name":"(anonymous_6)","decl":{"start":{"line":37,"column":33},"end":{"line":37,"column":34}},"loc":{"start":{"line":37,"column":45},"end":{"line":40,"column":1}},"line":37},"7":{"name":"fetchGetData","decl":{"start":{"line":42,"column":16},"end":{"line":42,"column":28}},"loc":{"start":{"line":42,"column":34},"end":{"line":56,"column":1}},"line":42},"8":{"name":"(anonymous_8)","decl":{"start":{"line":43,"column":11},"end":{"line":43,"column":12}},"loc":{"start":{"line":43,"column":25},"end":{"line":55,"column":5}},"line":43},"9":{"name":"(anonymous_9)","decl":{"start":{"line":46,"column":18},"end":{"line":46,"column":19}},"loc":{"start":{"line":46,"column":30},"end":{"line":52,"column":13}},"line":46},"10":{"name":"(anonymous_10)","decl":{"start":{"line":53,"column":18},"end":{"line":53,"column":19}},"loc":{"start":{"line":53,"column":27},"end":{"line":53,"column":61}},"line":53},"11":{"name":"(anonymous_11)","decl":{"start":{"line":54,"column":19},"end":{"line":54,"column":20}},"loc":{"start":{"line":54,"column":28},"end":{"line":54,"column":82}},"line":54},"12":{"name":"fetchAddData","decl":{"start":{"line":58,"column":16},"end":{"line":58,"column":28}},"loc":{"start":{"line":58,"column":40},"end":{"line":77,"column":1}},"line":58},"13":{"name":"(anonymous_13)","decl":{"start":{"line":59,"column":11},"end":{"line":59,"column":12}},"loc":{"start":{"line":59,"column":25},"end":{"line":76,"column":5}},"line":59},"14":{"name":"(anonymous_14)","decl":{"start":{"line":68,"column":18},"end":{"line":68,"column":19}},"loc":{"start":{"line":68,"column":30},"end":{"line":73,"column":13}},"line":68},"15":{"name":"(anonymous_15)","decl":{"start":{"line":74,"column":18},"end":{"line":74,"column":19}},"loc":{"start":{"line":74,"column":30},"end":{"line":74,"column":57}},"line":74},"16":{"name":"(anonymous_16)","decl":{"start":{"line":75,"column":19},"end":{"line":75,"column":20}},"loc":{"start":{"line":75,"column":28},"end":{"line":75,"column":82}},"line":75},"17":{"name":"fetchUpdateData","decl":{"start":{"line":79,"column":16},"end":{"line":79,"column":31}},"loc":{"start":{"line":79,"column":43},"end":{"line":99,"column":1}},"line":79},"18":{"name":"(anonymous_18)","decl":{"start":{"line":80,"column":11},"end":{"line":80,"column":12}},"loc":{"start":{"line":80,"column":25},"end":{"line":98,"column":5}},"line":80},"19":{"name":"(anonymous_19)","decl":{"start":{"line":90,"column":18},"end":{"line":90,"column":19}},"loc":{"start":{"line":90,"column":30},"end":{"line":95,"column":13}},"line":90},"20":{"name":"(anonymous_20)","decl":{"start":{"line":96,"column":18},"end":{"line":96,"column":19}},"loc":{"start":{"line":96,"column":24},"end":{"line":96,"column":53}},"line":96},"21":{"name":"(anonymous_21)","decl":{"start":{"line":97,"column":19},"end":{"line":97,"column":20}},"loc":{"start":{"line":97,"column":28},"end":{"line":97,"column":82}},"line":97},"22":{"name":"fetchDeleteData","decl":{"start":{"line":101,"column":16},"end":{"line":101,"column":31}},"loc":{"start":{"line":101,"column":41},"end":{"line":113,"column":1}},"line":101},"23":{"name":"(anonymous_23)","decl":{"start":{"line":102,"column":11},"end":{"line":102,"column":12}},"loc":{"start":{"line":102,"column":25},"end":{"line":112,"column":5}},"line":102},"24":{"name":"(anonymous_24)","decl":{"start":{"line":104,"column":18},"end":{"line":104,"column":19}},"loc":{"start":{"line":104,"column":30},"end":{"line":109,"column":13}},"line":104},"25":{"name":"(anonymous_25)","decl":{"start":{"line":110,"column":18},"end":{"line":110,"column":19}},"loc":{"start":{"line":110,"column":24},"end":{"line":110,"column":48}},"line":110},"26":{"name":"(anonymous_26)","decl":{"start":{"line":111,"column":19},"end":{"line":111,"column":20}},"loc":{"start":{"line":111,"column":28},"end":{"line":111,"column":82}},"line":111}},"branchMap":{"0":{"loc":{"start":{"line":47,"column":16},"end":{"line":49,"column":17}},"type":"if","locations":[{"start":{"line":47,"column":16},"end":{"line":49,"column":17}},{"start":{"line":47,"column":16},"end":{"line":49,"column":17}}],"line":47},"1":{"loc":{"start":{"line":69,"column":16},"end":{"line":71,"column":17}},"type":"if","locations":[{"start":{"line":69,"column":16},"end":{"line":71,"column":17}},{"start":{"line":69,"column":16},"end":{"line":71,"column":17}}],"line":69},"2":{"loc":{"start":{"line":91,"column":16},"end":{"line":93,"column":17}},"type":"if","locations":[{"start":{"line":91,"column":16},"end":{"line":93,"column":17}},{"start":{"line":91,"column":16},"end":{"line":93,"column":17}}],"line":91},"3":{"loc":{"start":{"line":105,"column":16},"end":{"line":107,"column":17}},"type":"if","locations":[{"start":{"line":105,"column":16},"end":{"line":107,"column":17}},{"start":{"line":105,"column":16},"end":{"line":107,"column":17}}],"line":105}},"s":{"0":2,"1":2,"2":2,"3":2,"4":2,"5":2,"6":2,"7":1,"8":2,"9":4,"10":2,"11":5,"12":2,"13":2,"14":2,"15":2,"16":2,"17":2,"18":1,"19":1,"20":1,"21":1,"22":1,"23":1,"24":2,"25":2,"26":2,"27":2,"28":1,"29":1,"30":1,"31":1,"32":1,"33":2,"34":2,"35":2,"36":2,"37":1,"38":1,"39":1,"40":1,"41":1,"42":2,"43":2,"44":2,"45":1,"46":1,"47":1,"48":1,"49":1},"f":{"0":2,"1":2,"2":2,"3":1,"4":4,"5":5,"6":2,"7":2,"8":2,"9":2,"10":1,"11":1,"12":2,"13":2,"14":2,"15":1,"16":1,"17":2,"18":2,"19":2,"20":1,"21":1,"22":2,"23":2,"24":2,"25":1,"26":1},"b":{"0":[1,1],"1":[1,1],"2":[1,1],"3":[1,1]},"_coverageSchema":"43e27e138ebf9cfc5966b082cf9a028302ed4184","hash":"86b1d0e91d4018800bb35f06642ab64fb418543c"}
,"D:\\Studying\\Git\\Demo_1\\todo-list-mobile\\reducers\\todoItemsReducer.js": {"path":"D:\\Studying\\Git\\Demo_1\\todo-list-mobile\\reducers\\todoItemsReducer.js","statementMap":{"0":{"start":{"line":3,"column":21},"end":{"line":7,"column":1}},"1":{"start":{"line":9,"column":18},"end":{"line":44,"column":1}},"2":{"start":{"line":10,"column":4},"end":{"line":43,"column":5}},"3":{"start":{"line":12,"column":12},"end":{"line":15,"column":13}},"4":{"start":{"line":17,"column":12},"end":{"line":20,"column":13}},"5":{"start":{"line":19,"column":47},"end":{"line":19,"column":119}},"6":{"start":{"line":22,"column":12},"end":{"line":25,"column":13}},"7":{"start":{"line":24,"column":50},"end":{"line":24,"column":71}},"8":{"start":{"line":27,"column":12},"end":{"line":30,"column":13}},"9":{"start":{"line":32,"column":12},"end":{"line":35,"column":13}},"10":{"start":{"line":37,"column":12},"end":{"line":40,"column":13}},"11":{"start":{"line":42,"column":12},"end":{"line":42,"column":24}}},"fnMap":{"0":{"name":"(anonymous_0)","decl":{"start":{"line":9,"column":18},"end":{"line":9,"column":19}},"loc":{"start":{"line":9,"column":52},"end":{"line":44,"column":1}},"line":9},"1":{"name":"(anonymous_1)","decl":{"start":{"line":19,"column":39},"end":{"line":19,"column":40}},"loc":{"start":{"line":19,"column":47},"end":{"line":19,"column":119}},"line":19},"2":{"name":"(anonymous_2)","decl":{"start":{"line":24,"column":42},"end":{"line":24,"column":43}},"loc":{"start":{"line":24,"column":50},"end":{"line":24,"column":71}},"line":24}},"branchMap":{"0":{"loc":{"start":{"line":9,"column":19},"end":{"line":9,"column":39}},"type":"default-arg","locations":[{"start":{"line":9,"column":27},"end":{"line":9,"column":39}}],"line":9},"1":{"loc":{"start":{"line":10,"column":4},"end":{"line":43,"column":5}},"type":"switch","locations":[{"start":{"line":11,"column":8},"end":{"line":15,"column":13}},{"start":{"line":16,"column":8},"end":{"line":20,"column":13}},{"start":{"line":21,"column":8},"end":{"line":25,"column":13}},{"start":{"line":26,"column":8},"end":{"line":30,"column":13}},{"start":{"line":31,"column":8},"end":{"line":35,"column":13}},{"start":{"line":36,"column":8},"end":{"line":40,"column":13}},{"start":{"line":41,"column":8},"end":{"line":42,"column":24}}],"line":10},"2":{"loc":{"start":{"line":19,"column":47},"end":{"line":19,"column":119}},"type":"cond-expr","locations":[{"start":{"line":19,"column":73},"end":{"line":19,"column":112}},{"start":{"line":19,"column":115},"end":{"line":19,"column":119}}],"line":19}},"s":{"0":1,"1":1,"2":9,"3":1,"4":2,"5":2,"6":1,"7":2,"8":1,"9":1,"10":1,"11":2},"f":{"0":9,"1":2,"2":2},"b":{"0":[1],"1":[1,2,1,1,1,1,2],"2":[1,1]},"_coverageSchema":"43e27e138ebf9cfc5966b082cf9a028302ed4184","hash":"670f29d13dd6426266ec471972ad11da43262752"}
,"D:\\Studying\\Git\\Demo_1\\todo-list-mobile\\reducers\\visibilityFilterReducer.js": {"path":"D:\\Studying\\Git\\Demo_1\\todo-list-mobile\\reducers\\visibilityFilterReducer.js","statementMap":{"0":{"start":{"line":3,"column":0},"end":{"line":5,"column":1}},"1":{"start":{"line":7,"column":25},"end":{"line":14,"column":1}},"2":{"start":{"line":8,"column":2},"end":{"line":13,"column":3}},"3":{"start":{"line":10,"column":6},"end":{"line":10,"column":26}},"4":{"start":{"line":12,"column":6},"end":{"line":12,"column":18}}},"fnMap":{"0":{"name":"(anonymous_0)","decl":{"start":{"line":7,"column":25},"end":{"line":7,"column":26}},"loc":{"start":{"line":7,"column":59},"end":{"line":14,"column":1}},"line":7}},"branchMap":{"0":{"loc":{"start":{"line":7,"column":26},"end":{"line":7,"column":46}},"type":"default-arg","locations":[{"start":{"line":7,"column":34},"end":{"line":7,"column":46}}],"line":7},"1":{"loc":{"start":{"line":8,"column":2},"end":{"line":13,"column":3}},"type":"switch","locations":[{"start":{"line":9,"column":4},"end":{"line":10,"column":26}},{"start":{"line":11,"column":4},"end":{"line":12,"column":18}}],"line":8}},"s":{"0":1,"1":1,"2":3,"3":1,"4":2},"f":{"0":3},"b":{"0":[1],"1":[1,2]},"_coverageSchema":"43e27e138ebf9cfc5966b082cf9a028302ed4184","hash":"49d4e97827d88d5bf7fff51c20156259f43817f4"}
}
