TN:
SF:D:\Studying\Git\Demo_1\todo-list-mobile\baseURL.js
FNF:0
FNH:0
LF:0
LH:0
BRF:0
BRH:0
end_of_record
TN:
SF:D:\Studying\Git\Demo_1\todo-list-mobile\actions\actionTypes.js
FNF:0
FNH:0
DA:1,3
DA:7,3
DA:9,3
DA:15,3
LF:4
LH:4
BRF:0
BRH:0
end_of_record
TN:
SF:D:\Studying\Git\Demo_1\todo-list-mobile\actions\index.js
FN:7,(anonymous_0)
FN:12,(anonymous_1)
FN:17,(anonymous_2)
FN:22,(anonymous_3)
FN:27,(anonymous_4)
FN:32,(anonymous_5)
FN:37,(anonymous_6)
FN:42,fetchGetData
FN:43,(anonymous_8)
FN:46,(anonymous_9)
FN:53,(anonymous_10)
FN:54,(anonymous_11)
FN:58,fetchAddData
FN:59,(anonymous_13)
FN:68,(anonymous_14)
FN:74,(anonymous_15)
FN:75,(anonymous_16)
FN:79,fetchUpdateData
FN:80,(anonymous_18)
FN:90,(anonymous_19)
FN:96,(anonymous_20)
FN:97,(anonymous_21)
FN:101,fetchDeleteData
FN:102,(anonymous_23)
FN:104,(anonymous_24)
FN:110,(anonymous_25)
FN:111,(anonymous_26)
FNF:27
FNH:27
FNDA:2,(anonymous_0)
FNDA:2,(anonymous_1)
FNDA:2,(anonymous_2)
FNDA:1,(anonymous_3)
FNDA:4,(anonymous_4)
FNDA:5,(anonymous_5)
FNDA:2,(anonymous_6)
FNDA:2,fetchGetData
FNDA:2,(anonymous_8)
FNDA:2,(anonymous_9)
FNDA:1,(anonymous_10)
FNDA:1,(anonymous_11)
FNDA:2,fetchAddData
FNDA:2,(anonymous_13)
FNDA:2,(anonymous_14)
FNDA:1,(anonymous_15)
FNDA:1,(anonymous_16)
FNDA:2,fetchUpdateData
FNDA:2,(anonymous_18)
FNDA:2,(anonymous_19)
FNDA:1,(anonymous_20)
FNDA:1,(anonymous_21)
FNDA:2,fetchDeleteData
FNDA:2,(anonymous_23)
FNDA:2,(anonymous_24)
FNDA:1,(anonymous_25)
FNDA:1,(anonymous_26)
DA:7,2
DA:12,2
DA:17,2
DA:22,2
DA:27,4
DA:32,5
DA:37,2
DA:43,2
DA:44,2
DA:45,2
DA:47,2
DA:48,1
DA:50,1
DA:51,1
DA:53,1
DA:54,1
DA:59,2
DA:60,2
DA:61,2
DA:69,2
DA:70,1
DA:72,1
DA:74,1
DA:75,1
DA:80,2
DA:81,2
DA:82,2
DA:91,2
DA:92,1
DA:94,1
DA:96,1
DA:97,1
DA:102,2
DA:103,2
DA:105,2
DA:106,1
DA:108,1
DA:110,1
DA:111,1
LF:39
LH:39
BRDA:47,0,0,1
BRDA:47,0,1,1
BRDA:69,1,0,1
BRDA:69,1,1,1
BRDA:91,2,0,1
BRDA:91,2,1,1
BRDA:105,3,0,1
BRDA:105,3,1,1
BRF:8
BRH:8
end_of_record
TN:
SF:D:\Studying\Git\Demo_1\todo-list-mobile\reducers\todoItemsReducer.js
FN:9,(anonymous_0)
FN:19,(anonymous_1)
FN:24,(anonymous_2)
FNF:3
FNH:3
FNDA:9,(anonymous_0)
FNDA:2,(anonymous_1)
FNDA:2,(anonymous_2)
DA:3,1
DA:9,1
DA:10,9
DA:12,1
DA:17,2
DA:19,2
DA:22,1
DA:24,2
DA:27,1
DA:32,1
DA:37,1
DA:42,2
LF:12
LH:12
BRDA:9,0,0,1
BRDA:10,1,0,1
BRDA:10,1,1,2
BRDA:10,1,2,1
BRDA:10,1,3,1
BRDA:10,1,4,1
BRDA:10,1,5,1
BRDA:10,1,6,2
BRDA:19,2,0,1
BRDA:19,2,1,1
BRF:10
BRH:10
end_of_record
TN:
SF:D:\Studying\Git\Demo_1\todo-list-mobile\reducers\visibilityFilterReducer.js
FN:7,(anonymous_0)
FNF:1
FNH:1
FNDA:3,(anonymous_0)
DA:3,1
DA:7,1
DA:8,3
DA:10,1
DA:12,2
LF:5
LH:5
BRDA:7,0,0,1
BRDA:8,1,0,1
BRDA:8,1,1,2
BRF:3
BRH:3
end_of_record
